2026-02-08 16:30:03.131 [main] WARN  com.revhire.service.AuthServiceImpl - Failed login attempt for email: invalid@test.com
2026-02-08 16:30:03.153 [main] WARN  com.revhire.service.AuthServiceImpl - Login attempt with empty credentials
2026-02-08 16:30:03.783 [main] INFO  com.revhire.service.JobServiceImpl - Job posted: Java Dev by Company ID: 1
2026-02-08 22:05:09.950 [main] WARN  com.revhire.service.AuthServiceImpl - Failed login attempt for email: invalid@test.com
2026-02-08 22:05:09.986 [main] WARN  com.revhire.service.AuthServiceImpl - Login attempt with empty credentials
2026-02-08 22:05:10.860 [main] INFO  com.revhire.service.JobServiceImpl - Job posted: Java Dev by Company ID: 1
2026-02-08 22:11:13.136 [main] INFO  com.revhire.service.AuthServiceImpl - User registered successfully: Invaild@test.com with role: JOB_SEEKER
2026-02-08 22:11:41.564 [main] WARN  com.revhire.service.AuthServiceImpl - Failed login attempt for email: Invalid@test.com
2026-02-08 22:13:58.953 [main] INFO  com.revhire.service.AuthServiceImpl - User logged in: Invaild@test.com (Role: JOB_SEEKER)
2026-02-08 22:16:28.142 [main] WARN  com.revhire.service.AuthServiceImpl - Failed login attempt for email: invalid@test.com
2026-02-08 22:16:28.157 [main] WARN  com.revhire.service.AuthServiceImpl - Login attempt with empty credentials
2026-02-08 22:16:28.720 [main] INFO  com.revhire.service.JobServiceImpl - Job posted: Java Dev by Company ID: 1
2026-02-08 22:18:05.184 [main] INFO  com.revhire.service.AuthServiceImpl - User registered successfully: Invalid@test.com with role: JOB_SEEKER
2026-02-08 22:18:32.037 [main] INFO  com.revhire.service.AuthServiceImpl - User logged in: Invalid@test.com (Role: JOB_SEEKER)
2026-02-08 22:18:54.847 [main] WARN  com.revhire.service.AuthServiceImpl - Failed login attempt for email: invalid@test.com
2026-02-08 22:18:54.868 [main] WARN  com.revhire.service.AuthServiceImpl - Login attempt with empty credentials
2026-02-08 22:18:55.455 [main] INFO  com.revhire.service.JobServiceImpl - Job posted: Java Dev by Company ID: 1
2026-02-08 22:21:29.305 [main] WARN  com.revhire.service.AuthServiceImpl - Failed login attempt for email: Invalid@test.com
2026-02-08 22:21:29.354 [main] WARN  com.revhire.service.AuthServiceImpl - Login attempt with empty credentials
2026-02-08 22:28:53.142 [main] WARN  com.revhire.service.AuthServiceImpl - Failed login attempt for email: Invalid@test.com
2026-02-08 22:28:53.187 [main] WARN  com.revhire.service.AuthServiceImpl - Login attempt with empty credentials
2026-02-08 22:28:53.194 [main] WARN  com.revhire.service.AuthServiceImpl - Failed login attempt for email: Invalid@test.com
